0;0,519716,0.99,0.01,0;1,142907,0.99,0.01,0;2,923598,0.99,0.01,0;3,747101,0.99,0.01,0;4,8164361,0.99,0.01,0;5,13448494,0.99,0.01,0;6,1278365,0.99,0.01,0;7,1098352,0.99,0.01,0;8,4067175,0.99,0.01,0;9,4648055,0.99,0.01,0;10,35874,0.99,0.01,0;11,41786,0.99,0.01,0;12,35944,0.99,0.01,0
1;0,519716,0.98,0.01,0.01;1,142907,0.98,0.01,0.01;2,923598,0.98,0.01,0.01;3,747101,0.98,0.01,0.01;4,8164361,0.98,0.01,0.01;5,13448494,0.98,0.01,0.01;6,1278365,0.96,0.03,0.01;7,1098352,0.98,0.01,0.01;8,4067175,0.98,0.01,0.01;9,4648055,0.98,0.01,0.01;10,35874,0.91,0.08,0.01;11,41786,0.98,0.01,0.01;12,35944,0.98,0.01,0.01
2;0,519716,0.97,0.01,0.02;1,142907,0.97,0.01,0.02;2,923598,0.97,0.01,0.02;3,747101,0.97,0.01,0.02;4,8164361,0.97,0.01,0.02;5,13448494,0.97,0.01,0.02;6,1278365,0.93,0.04,0.03;7,1098352,0.96,0.02,0.02;8,4067175,0.97,0.01,0.02;9,4648055,0.97,0.01,0.02;10,35874,0.81,0.13,0.06;11,41786,0.97,0.01,0.02;12,35944,0.97,0.01,0.02
3;0,519716,0.96,0.01,0.03;1,142907,0.96,0.01,0.03;2,923598,0.96,0.01,0.03;3,747101,0.96,0.01,0.03;4,8164361,0.96,0.01,0.03;5,13448494,0.96,0.01,0.03;6,1278365,0.9,0.05,0.05;7,1098352,0.94,0.03,0.03;8,4067175,0.96,0.01,0.03;9,4648055,0.96,0.01,0.03;10,35874,0.71,0.15,0.14;11,41786,0.96,0.01,0.03;12,35944,0.96,0.01,0.03
4;0,519716,0.95,0.01,0.04;1,142907,0.95,0.01,0.04;2,923598,0.95,0.01,0.04;3,747101,0.95,0.01,0.04;4,8164361,0.95,0.01,0.04;5,13448494,0.95,0.01,0.04;6,1278365,0.87,0.05,0.08;7,1098352,0.92,0.03,0.05;8,4067175,0.95,0.01,0.04;9,4648055,0.95,0.01,0.04;10,35874,0.62,0.15,0.23;11,41786,0.95,0.01,0.04;12,35944,0.95,0.01,0.04
5;0,519716,0.94,0.01,0.05;1,142907,0.94,0.01,0.05;2,923598,0.94,0.01,0.05;3,747101,0.94,0.01,0.05;4,8164361,0.94,0.01,0.05;5,13448494,0.94,0.01,0.05;6,1278365,0.84,0.05,0.11;7,1098352,0.9,0.03,0.07;8,4067175,0.94,0.01,0.05;9,4648055,0.94,0.01,0.05;10,35874,0.54,0.14,0.32;11,41786,0.94,0.01,0.05;12,35944,0.94,0.01,0.05
6;0,519716,0.93,0.01,0.06;1,142907,0.93,0.01,0.06;2,923598,0.93,0.01,0.06;3,747101,0.93,0.01,0.06;4,8164361,0.93,0.01,0.06;5,13448494,0.93,0.01,0.06;6,1278365,0.81,0.05,0.14;7,1098352,0.88,0.03,0.09;8,4067175,0.93,0.01,0.06;9,4648055,0.93,0.01,0.06;10,35874,0.47,0.13,0.4;11,41786,0.93,0.01,0.06;12,35944,0.93,0.01,0.06
7;0,519716,0.92,0.01,0.07;1,142907,0.92,0.01,0.07;2,923598,0.92,0.01,0.07;3,747101,0.92,0.01,0.07;4,8164361,0.92,0.01,0.07;5,13448494,0.92,0.01,0.07;6,1278365,0.78,0.05,0.17;7,1098352,0.86,0.03,0.11;8,4067175,0.92,0.01,0.07;9,4648055,0.92,0.01,0.07;10,35874,0.41,0.11,0.48;11,41786,0.92,0.01,0.07;12,35944,0.92,0.01,0.07
8;0,519716,0.91,0.01,0.08;1,142907,0.91,0.01,0.08;2,923598,0.91,0.01,0.08;3,747101,0.91,0.01,0.08;4,8164361,0.91,0.01,0.08;5,13448494,0.91,0.01,0.08;6,1278365,0.75,0.05,0.2;7,1098352,0.84,0.03,0.13;8,4067175,0.91,0.01,0.08;9,4648055,0.91,0.01,0.08;10,35874,0.36,0.09,0.55;11,41786,0.91,0.01,0.08;12,35944,0.91,0.01,0.08
9;0,519716,0.9,0.01,0.09;1,142907,0.9,0.01,0.09;2,923598,0.9,0.01,0.09;3,747101,0.9,0.01,0.09;4,8164361,0.9,0.01,0.09;5,13448494,0.9,0.01,0.09;6,1278365,0.72,0.05,0.23;7,1098352,0.82,0.03,0.15;8,4067175,0.9,0.01,0.09;9,4648055,0.9,0.01,0.09;10,35874,0.32,0.08,0.6;11,41786,0.9,0.01,0.09;12,35944,0.9,0.01,0.09
10;0,519716,0.89,0.01,0.1;1,142907,0.89,0.01,0.1;2,923598,0.89,0.01,0.1;3,747101,0.89,0.01,0.1;4,8164361,0.89,0.01,0.1;5,13448494,0.89,0.01,0.1;6,1278365,0.69,0.05,0.26;7,1098352,0.8,0.03,0.17;8,4067175,0.89,0.01,0.1;9,4648055,0.89,0.01,0.1;10,35874,0.28,0.07,0.65;11,41786,0.89,0.01,0.1;12,35944,0.89,0.01,0.1
11;0,519716,0.88,0.01,0.11;1,142907,0.88,0.01,0.11;2,923598,0.88,0.01,0.11;3,747101,0.88,0.01,0.11;4,8164361,0.88,0.01,0.11;5,13448494,0.88,0.01,0.11;6,1278365,0.66,0.05,0.29;7,1098352,0.78,0.03,0.19;8,4067175,0.88,0.01,0.11;9,4648055,0.88,0.01,0.11;10,35874,0.25,0.06,0.69;11,41786,0.88,0.01,0.11;12,35944,0.88,0.01,0.11
12;0,519716,0.87,0.01,0.12;1,142907,0.87,0.01,0.12;2,923598,0.87,0.01,0.12;3,747101,0.87,0.01,0.12;4,8164361,0.87,0.01,0.12;5,13448494,0.87,0.01,0.12;6,1278365,0.63,0.05,0.32;7,1098352,0.76,0.03,0.21;8,4067175,0.87,0.01,0.12;9,4648055,0.87,0.01,0.12;10,35874,0.22,0.05,0.73;11,41786,0.87,0.01,0.12;12,35944,0.87,0.01,0.12
13;0,519716,0.86,0.01,0.13;1,142907,0.86,0.01,0.13;2,923598,0.86,0.01,0.13;3,747101,0.86,0.01,0.13;4,8164361,0.86,0.01,0.13;5,13448494,0.86,0.01,0.13;6,1278365,0.61,0.04,0.35;7,1098352,0.74,0.03,0.23;8,4067175,0.86,0.01,0.13;9,4648055,0.86,0.01,0.13;10,35874,0.2,0.04,0.76;11,41786,0.86,0.01,0.13;12,35944,0.86,0.01,0.13
14;0,519716,0.85,0.01,0.14;1,142907,0.85,0.01,0.14;2,923598,0.85,0.01,0.14;3,747101,0.85,0.01,0.14;4,8164361,0.85,0.01,0.14;5,13448494,0.85,0.01,0.14;6,1278365,0.59,0.04,0.37;7,1098352,0.72,0.03,0.25;8,4067175,0.85,0.01,0.14;9,4648055,0.85,0.01,0.14;10,35874,0.19,0.03,0.78;11,41786,0.85,0.01,0.14;12,35944,0.85,0.01,0.14
15;0,519716,0.84,0.01,0.15;1,142907,0.84,0.01,0.15;2,923598,0.84,0.01,0.15;3,747101,0.84,0.01,0.15;4,8164361,0.84,0.01,0.15;5,13448494,0.84,0.01,0.15;6,1278365,0.57,0.04,0.39;7,1098352,0.7,0.03,0.27;8,4067175,0.84,0.01,0.15;9,4648055,0.84,0.01,0.15;10,35874,0.17,0.03,0.8;11,41786,0.84,0.01,0.15;12,35944,0.84,0.01,0.15
16;0,519716,0.83,0.01,0.16;1,142907,0.83,0.01,0.16;2,923598,0.83,0.01,0.16;3,747101,0.83,0.01,0.16;4,8164361,0.83,0.01,0.16;5,13448494,0.83,0.01,0.16;6,1278365,0.55,0.04,0.41;7,1098352,0.68,0.03,0.29;8,4067175,0.83,0.01,0.16;9,4648055,0.83,0.01,0.16;10,35874,0.15,0.03,0.82;11,41786,0.83,0.01,0.16;12,35944,0.83,0.01,0.16
17;0,519716,0.82,0.01,0.17;1,142907,0.82,0.01,0.17;2,923598,0.82,0.01,0.17;3,747101,0.82,0.01,0.17;4,8164361,0.82,0.01,0.17;5,13448494,0.82,0.01,0.17;6,1278365,0.54,0.03,0.43;7,1098352,0.66,0.03,0.31;8,4067175,0.82,0.01,0.17;9,4648055,0.82,0.01,0.17;10,35874,0.14,0.02,0.84;11,41786,0.82,0.01,0.17;12,35944,0.82,0.01,0.17
18;0,519716,0.81,0.01,0.18;1,142907,0.81,0.01,0.18;2,923598,0.81,0.01,0.18;3,747101,0.81,0.01,0.18;4,8164361,0.81,0.01,0.18;5,13448494,0.81,0.01,0.18;6,1278365,0.52,0.03,0.45;7,1098352,0.64,0.03,0.33;8,4067175,0.81,0.01,0.18;9,4648055,0.81,0.01,0.18;10,35874,0.13,0.02,0.85;11,41786,0.81,0.01,0.18;12,35944,0.81,0.01,0.18
19;0,519716,0.8,0.01,0.19;1,142907,0.8,0.01,0.19;2,923598,0.8,0.01,0.19;3,747101,0.8,0.01,0.19;4,8164361,0.8,0.01,0.19;5,13448494,0.8,0.01,0.19;6,1278365,0.5,0.03,0.47;7,1098352,0.62,0.03,0.35;8,4067175,0.8,0.01,0.19;9,4648055,0.8,0.01,0.19;10,35874,0.12,0.02,0.86;11,41786,0.8,0.01,0.19;12,35944,0.8,0.01,0.19
20;0,519716,0.79,0.01,0.2;1,142907,0.79,0.01,0.2;2,923598,0.79,0.01,0.2;3,747101,0.79,0.01,0.2;4,8164361,0.79,0.01,0.2;5,13448494,0.79,0.01,0.2;6,1278365,0.48,0.03,0.49;7,1098352,0.6,0.03,0.37;8,4067175,0.79,0.01,0.2;9,4648055,0.79,0.01,0.2;10,35874,0.11,0.02,0.87;11,41786,0.79,0.01,0.2;12,35944,0.79,0.01,0.2
21;0,519716,0.78,0.01,0.21;1,142907,0.78,0.01,0.21;2,923598,0.78,0.01,0.21;3,747101,0.78,0.01,0.21;4,8164361,0.78,0.01,0.21;5,13448494,0.78,0.01,0.21;6,1278365,0.46,0.03,0.51;7,1098352,0.59,0.02,0.39;8,4067175,0.78,0.01,0.21;9,4648055,0.78,0.01,0.21;10,35874,0.1,0.02,0.88;11,41786,0.78,0.01,0.21;12,35944,0.78,0.01,0.21
22;0,519716,0.77,0.01,0.22;1,142907,0.77,0.01,0.22;2,923598,0.77,0.01,0.22;3,747101,0.77,0.01,0.22;4,8164361,0.77,0.01,0.22;5,13448494,0.77,0.01,0.22;6,1278365,0.44,0.03,0.53;7,1098352,0.58,0.02,0.4;8,4067175,0.77,0.01,0.22;9,4648055,0.77,0.01,0.22;10,35874,0.09,0.02,0.89;11,41786,0.77,0.01,0.22;12,35944,0.77,0.01,0.22
23;0,519716,0.76,0.01,0.23;1,142907,0.76,0.01,0.23;2,923598,0.76,0.01,0.23;3,747101,0.76,0.01,0.23;4,8164361,0.76,0.01,0.23;5,13448494,0.76,0.01,0.23;6,1278365,0.42,0.03,0.55;7,1098352,0.57,0.02,0.41;8,4067175,0.76,0.01,0.23;9,4648055,0.76,0.01,0.23;10,35874,0.08,0.02,0.9;11,41786,0.76,0.01,0.23;12,35944,0.76,0.01,0.23
24;0,519716,0.75,0.01,0.24;1,142907,0.75,0.01,0.24;2,923598,0.75,0.01,0.24;3,747101,0.75,0.01,0.24;4,8164361,0.75,0.01,0.24;5,13448494,0.75,0.01,0.24;6,1278365,0.41,0.02,0.57;7,1098352,0.56,0.02,0.42;8,4067175,0.75,0.01,0.24;9,4648055,0.75,0.01,0.24;10,35874,0.08,0.01,0.91;11,41786,0.75,0.01,0.24;12,35944,0.75,0.01,0.24
25;0,519716,0.74,0.01,0.25;1,142907,0.74,0.01,0.25;2,923598,0.74,0.01,0.25;3,747101,0.74,0.01,0.25;4,8164361,0.74,0.01,0.25;5,13448494,0.74,0.01,0.25;6,1278365,0.4,0.02,0.58;7,1098352,0.55,0.02,0.43;8,4067175,0.74,0.01,0.25;9,4648055,0.74,0.01,0.25;10,35874,0.07,0.01,0.92;11,41786,0.74,0.01,0.25;12,35944,0.74,0.01,0.25
26;0,519716,0.73,0.01,0.26;1,142907,0.73,0.01,0.26;2,923598,0.73,0.01,0.26;3,747101,0.73,0.01,0.26;4,8164361,0.73,0.01,0.26;5,13448494,0.73,0.01,0.26;6,1278365,0.39,0.02,0.59;7,1098352,0.54,0.02,0.44;8,4067175,0.73,0.01,0.26;9,4648055,0.73,0.01,0.26;10,35874,0.06,0.01,0.93;11,41786,0.73,0.01,0.26;12,35944,0.73,0.01,0.26
27;0,519716,0.72,0.01,0.27;1,142907,0.72,0.01,0.27;2,923598,0.72,0.01,0.27;3,747101,0.72,0.01,0.27;4,8164361,0.72,0.01,0.27;5,13448494,0.72,0.01,0.27;6,1278365,0.38,0.02,0.6;7,1098352,0.53,0.02,0.45;8,4067175,0.72,0.01,0.27;9,4648055,0.72,0.01,0.27;10,35874,0.05,0.01,0.94;11,41786,0.72,0.01,0.27;12,35944,0.72,0.01,0.27
28;0,519716,0.71,0.01,0.28;1,142907,0.71,0.01,0.28;2,923598,0.71,0.01,0.28;3,747101,0.71,0.01,0.28;4,8164361,0.71,0.01,0.28;5,13448494,0.71,0.01,0.28;6,1278365,0.37,0.02,0.61;7,1098352,0.52,0.02,0.46;8,4067175,0.71,0.01,0.28;9,4648055,0.71,0.01,0.28;10,35874,0.04,0.01,0.95;11,41786,0.71,0.01,0.28;12,35944,0.71,0.01,0.28
29;0,519716,0.7,0.01,0.29;1,142907,0.7,0.01,0.29;2,923598,0.7,0.01,0.29;3,747101,0.7,0.01,0.29;4,8164361,0.7,0.01,0.29;5,13448494,0.7,0.01,0.29;6,1278365,0.36,0.02,0.62;7,1098352,0.51,0.02,0.47;8,4067175,0.7,0.01,0.29;9,4648055,0.7,0.01,0.29;10,35874,0.03,0.01,0.96;11,41786,0.7,0.01,0.29;12,35944,0.7,0.01,0.29
30;0,519716,0.69,0.01,0.3;1,142907,0.69,0.01,0.3;2,923598,0.69,0.01,0.3;3,747101,0.69,0.01,0.3;4,8164361,0.69,0.01,0.3;5,13448494,0.69,0.01,0.3;6,1278365,0.35,0.02,0.63;7,1098352,0.5,0.02,0.48;8,4067175,0.69,0.01,0.3;9,4648055,0.69,0.01,0.3;10,35874,0.02,0.01,0.97;11,41786,0.69,0.01,0.3;12,35944,0.69,0.01,0.3
31;0,519716,0.68,0.01,0.31;1,142907,0.68,0.01,0.31;2,923598,0.68,0.01,0.31;3,747101,0.68,0.01,0.31;4,8164361,0.68,0.01,0.31;5,13448494,0.68,0.01,0.31;6,1278365,0.34,0.02,0.64;7,1098352,0.49,0.02,0.49;8,4067175,0.68,0.01,0.31;9,4648055,0.68,0.01,0.31;10,35874,0.00999999,0.01,0.98;11,41786,0.68,0.01,0.31;12,35944,0.68,0.01,0.31
32;0,519716,0.67,0.01,0.32;1,142907,0.67,0.01,0.32;2,923598,0.67,0.01,0.32;3,747101,0.67,0.01,0.32;4,8164361,0.67,0.01,0.32;5,13448494,0.67,0.01,0.32;6,1278365,0.33,0.02,0.65;7,1098352,0.48,0.02,0.5;8,4067175,0.67,0.01,0.32;9,4648055,0.67,0.01,0.32;10,35874,0.00999999,0,0.99;11,41786,0.67,0.01,0.32;12,35944,0.67,0.01,0.32
33;0,519716,0.66,0.01,0.33;1,142907,0.66,0.01,0.33;2,923598,0.66,0.01,0.33;3,747101,0.66,0.01,0.33;4,8164361,0.66,0.01,0.33;5,13448494,0.66,0.01,0.33;6,1278365,0.32,0.02,0.66;7,1098352,0.47,0.02,0.51;8,4067175,0.66,0.01,0.33;9,4648055,0.66,0.01,0.33;10,41786,0.66,0.01,0.33;11,35944,0.66,0.01,0.33
34;0,519716,0.65,0.01,0.34;1,142907,0.65,0.01,0.34;2,923598,0.65,0.01,0.34;3,747101,0.65,0.01,0.34;4,8164361,0.65,0.01,0.34;5,13448494,0.65,0.01,0.34;6,1278365,0.31,0.02,0.67;7,1098352,0.46,0.02,0.52;8,4067175,0.65,0.01,0.34;9,4648055,0.65,0.01,0.34;10,41786,0.65,0.01,0.34;11,35944,0.65,0.01,0.34
35;0,519716,0.64,0.01,0.35;1,142907,0.64,0.01,0.35;2,923598,0.64,0.01,0.35;3,747101,0.64,0.01,0.35;4,8164361,0.64,0.01,0.35;5,13448494,0.64,0.01,0.35;6,1278365,0.3,0.02,0.68;7,1098352,0.45,0.02,0.53;8,4067175,0.64,0.01,0.35;9,4648055,0.64,0.01,0.35;10,41786,0.64,0.01,0.35;11,35944,0.64,0.01,0.35
36;0,519716,0.63,0.01,0.36;1,142907,0.63,0.01,0.36;2,923598,0.63,0.01,0.36;3,747101,0.63,0.01,0.36;4,8164361,0.63,0.01,0.36;5,13448494,0.63,0.01,0.36;6,1278365,0.29,0.02,0.69;7,1098352,0.44,0.02,0.54;8,4067175,0.63,0.01,0.36;9,4648055,0.63,0.01,0.36;10,41786,0.63,0.01,0.36;11,35944,0.63,0.01,0.36
37;0,519716,0.62,0.01,0.37;1,142907,0.62,0.01,0.37;2,923598,0.62,0.01,0.37;3,747101,0.62,0.01,0.37;4,8164361,0.62,0.01,0.37;5,13448494,0.62,0.01,0.37;6,1278365,0.28,0.02,0.7;7,1098352,0.43,0.02,0.55;8,4067175,0.62,0.01,0.37;9,4648055,0.62,0.01,0.37;10,41786,0.62,0.01,0.37;11,35944,0.62,0.01,0.37
38;0,519716,0.61,0.01,0.38;1,142907,0.61,0.01,0.38;2,923598,0.61,0.01,0.38;3,747101,0.61,0.01,0.38;4,8164361,0.61,0.01,0.38;5,13448494,0.61,0.01,0.38;6,1278365,0.27,0.02,0.71;7,1098352,0.43,0.01,0.56;8,4067175,0.61,0.01,0.38;9,4648055,0.61,0.01,0.38;10,41786,0.61,0.01,0.38;11,35944,0.61,0.01,0.38
39;0,519716,0.6,0.01,0.39;1,142907,0.6,0.01,0.39;2,923598,0.6,0.01,0.39;3,747101,0.6,0.01,0.39;4,8164361,0.6,0.01,0.39;5,13448494,0.6,0.01,0.39;6,1278365,0.26,0.02,0.72;7,1098352,0.42,0.01,0.57;8,4067175,0.6,0.01,0.39;9,4648055,0.6,0.01,0.39;10,41786,0.6,0.01,0.39;11,35944,0.6,0.01,0.39
40;0,519716,0.59,0.01,0.4;1,142907,0.59,0.01,0.4;2,923598,0.59,0.01,0.4;3,747101,0.59,0.01,0.4;4,8164361,0.59,0.01,0.4;5,13448494,0.59,0.01,0.4;6,1278365,0.26,0.01,0.73;7,1098352,0.41,0.01,0.58;8,4067175,0.59,0.01,0.4;9,4648055,0.59,0.01,0.4;10,41786,0.59,0.01,0.4;11,35944,0.59,0.01,0.4
41;0,519716,0.58,0.01,0.41;1,142907,0.58,0.01,0.41;2,923598,0.58,0.01,0.41;3,747101,0.58,0.01,0.41;4,8164361,0.58,0.01,0.41;5,13448494,0.58,0.01,0.41;6,1278365,0.25,0.01,0.74;7,1098352,0.4,0.01,0.59;8,4067175,0.58,0.01,0.41;9,4648055,0.58,0.01,0.41;10,41786,0.58,0.01,0.41;11,35944,0.58,0.01,0.41
42;0,519716,0.57,0.01,0.42;1,142907,0.57,0.01,0.42;2,923598,0.57,0.01,0.42;3,747101,0.57,0.01,0.42;4,8164361,0.57,0.01,0.42;5,13448494,0.57,0.01,0.42;6,1278365,0.24,0.01,0.75;7,1098352,0.39,0.01,0.6;8,4067175,0.57,0.01,0.42;9,4648055,0.57,0.01,0.42;10,41786,0.57,0.01,0.42;11,35944,0.57,0.01,0.42
43;0,519716,0.56,0.01,0.43;1,142907,0.56,0.01,0.43;2,923598,0.56,0.01,0.43;3,747101,0.56,0.01,0.43;4,8164361,0.56,0.01,0.43;5,13448494,0.56,0.01,0.43;6,1278365,0.23,0.01,0.76;7,1098352,0.38,0.01,0.61;8,4067175,0.56,0.01,0.43;9,4648055,0.56,0.01,0.43;10,41786,0.56,0.01,0.43;11,35944,0.56,0.01,0.43
44;0,519716,0.55,0.01,0.44;1,142907,0.55,0.01,0.44;2,923598,0.55,0.01,0.44;3,747101,0.55,0.01,0.44;4,8164361,0.55,0.01,0.44;5,13448494,0.55,0.01,0.44;6,1278365,0.22,0.01,0.77;7,1098352,0.37,0.01,0.62;8,4067175,0.55,0.01,0.44;9,4648055,0.55,0.01,0.44;10,41786,0.55,0.01,0.44;11,35944,0.55,0.01,0.44
45;0,519716,0.54,0.01,0.45;1,142907,0.54,0.01,0.45;2,923598,0.54,0.01,0.45;3,747101,0.54,0.01,0.45;4,8164361,0.54,0.01,0.45;5,13448494,0.54,0.01,0.45;6,1278365,0.21,0.01,0.78;7,1098352,0.36,0.01,0.63;8,4067175,0.54,0.01,0.45;9,4648055,0.54,0.01,0.45;10,41786,0.54,0.01,0.45;11,35944,0.54,0.01,0.45
46;0,519716,0.53,0.01,0.46;1,142907,0.53,0.01,0.46;2,923598,0.53,0.01,0.46;3,747101,0.53,0.01,0.46;4,8164361,0.53,0.01,0.46;5,13448494,0.53,0.01,0.46;6,1278365,0.2,0.01,0.79;7,1098352,0.35,0.01,0.64;8,4067175,0.53,0.01,0.46;9,4648055,0.53,0.01,0.46;10,41786,0.53,0.01,0.46;11,35944,0.53,0.01,0.46
47;0,519716,0.52,0.01,0.47;1,142907,0.52,0.01,0.47;2,923598,0.52,0.01,0.47;3,747101,0.52,0.01,0.47;4,8164361,0.52,0.01,0.47;5,13448494,0.52,0.01,0.47;6,1278365,0.19,0.01,0.8;7,1098352,0.34,0.01,0.65;8,4067175,0.52,0.01,0.47;9,4648055,0.52,0.01,0.47;10,41786,0.52,0.01,0.47;11,35944,0.52,0.01,0.47
48;0,519716,0.51,0.01,0.48;1,142907,0.51,0.01,0.48;2,923598,0.51,0.01,0.48;3,747101,0.51,0.01,0.48;4,8164361,0.51,0.01,0.48;5,13448494,0.51,0.01,0.48;6,1278365,0.18,0.01,0.81;7,1098352,0.33,0.01,0.66;8,4067175,0.51,0.01,0.48;9,4648055,0.51,0.01,0.48;10,41786,0.51,0.01,0.48;11,35944,0.51,0.01,0.48
49;0,519716,0.5,0.01,0.49;1,142907,0.5,0.01,0.49;2,923598,0.5,0.01,0.49;3,747101,0.5,0.01,0.49;4,8164361,0.5,0.01,0.49;5,13448494,0.5,0.01,0.49;6,1278365,0.17,0.01,0.82;7,1098352,0.32,0.01,0.67;8,4067175,0.5,0.01,0.49;9,4648055,0.5,0.01,0.49;10,41786,0.5,0.01,0.49;11,35944,0.5,0.01,0.49
50;0,519716,0.49,0.01,0.5;1,142907,0.49,0.01,0.5;2,923598,0.49,0.01,0.5;3,747101,0.49,0.01,0.5;4,8164361,0.49,0.01,0.5;5,13448494,0.49,0.01,0.5;6,1278365,0.16,0.01,0.83;7,1098352,0.31,0.01,0.68;8,4067175,0.49,0.01,0.5;9,4648055,0.49,0.01,0.5;10,41786,0.49,0.01,0.5;11,35944,0.49,0.01,0.5
51;0,519716,0.48,0.01,0.51;1,142907,0.48,0.01,0.51;2,923598,0.48,0.01,0.51;3,747101,0.48,0.01,0.51;4,8164361,0.48,0.01,0.51;5,13448494,0.48,0.01,0.51;6,1278365,0.15,0.01,0.84;7,1098352,0.3,0.01,0.69;8,4067175,0.48,0.01,0.51;9,4648055,0.48,0.01,0.51;10,41786,0.48,0.01,0.51;11,35944,0.48,0.01,0.51
52;0,519716,0.47,0.01,0.52;1,142907,0.47,0.01,0.52;2,923598,0.47,0.01,0.52;3,747101,0.47,0.01,0.52;4,8164361,0.47,0.01,0.52;5,13448494,0.47,0.01,0.52;6,1278365,0.14,0.01,0.85;7,1098352,0.29,0.01,0.7;8,4067175,0.47,0.01,0.52;9,4648055,0.47,0.01,0.52;10,41786,0.47,0.01,0.52;11,35944,0.47,0.01,0.52
53;0,519716,0.46,0.01,0.53;1,142907,0.46,0.01,0.53;2,923598,0.46,0.01,0.53;3,747101,0.46,0.01,0.53;4,8164361,0.46,0.01,0.53;5,13448494,0.46,0.01,0.53;6,1278365,0.13,0.01,0.86;7,1098352,0.28,0.01,0.71;8,4067175,0.46,0.01,0.53;9,4648055,0.46,0.01,0.53;10,41786,0.46,0.01,0.53;11,35944,0.46,0.01,0.53
54;0,519716,0.45,0.01,0.54;1,142907,0.45,0.01,0.54;2,923598,0.45,0.01,0.54;3,747101,0.45,0.01,0.54;4,8164361,0.45,0.01,0.54;5,13448494,0.45,0.01,0.54;6,1278365,0.12,0.01,0.87;7,1098352,0.27,0.01,0.72;8,4067175,0.45,0.01,0.54;9,4648055,0.45,0.01,0.54;10,41786,0.45,0.01,0.54;11,35944,0.45,0.01,0.54
55;0,519716,0.44,0.01,0.55;1,142907,0.44,0.01,0.55;2,923598,0.44,0.01,0.55;3,747101,0.44,0.01,0.55;4,8164361,0.44,0.01,0.55;5,13448494,0.44,0.01,0.55;6,1278365,0.11,0.01,0.88;7,1098352,0.26,0.01,0.73;8,4067175,0.44,0.01,0.55;9,4648055,0.44,0.01,0.55;10,41786,0.44,0.01,0.55;11,35944,0.44,0.01,0.55
56;0,519716,0.43,0.01,0.56;1,142907,0.43,0.01,0.56;2,923598,0.43,0.01,0.56;3,747101,0.43,0.01,0.56;4,8164361,0.43,0.01,0.56;5,13448494,0.43,0.01,0.56;6,1278365,0.1,0.01,0.89;7,1098352,0.25,0.01,0.74;8,4067175,0.43,0.01,0.56;9,4648055,0.43,0.01,0.56;10,41786,0.43,0.01,0.56;11,35944,0.43,0.01,0.56
57;0,519716,0.42,0.01,0.57;1,142907,0.42,0.01,0.57;2,923598,0.42,0.01,0.57;3,747101,0.42,0.01,0.57;4,8164361,0.42,0.01,0.57;5,13448494,0.42,0.01,0.57;6,1278365,0.09,0.01,0.9;7,1098352,0.24,0.01,0.75;8,4067175,0.42,0.01,0.57;9,4648055,0.42,0.01,0.57;10,41786,0.42,0.01,0.57;11,35944,0.42,0.01,0.57
58;0,519716,0.41,0.01,0.58;1,142907,0.41,0.01,0.58;2,923598,0.41,0.01,0.58;3,747101,0.41,0.01,0.58;4,8164361,0.41,0.01,0.58;5,13448494,0.41,0.01,0.58;6,1278365,0.08,0.01,0.91;7,1098352,0.23,0.01,0.76;8,4067175,0.41,0.01,0.58;9,4648055,0.41,0.01,0.58;10,41786,0.41,0.01,0.58;11,35944,0.41,0.01,0.58
59;0,519716,0.4,0.01,0.59;1,142907,0.4,0.01,0.59;2,923598,0.4,0.01,0.59;3,747101,0.4,0.01,0.59;4,8164361,0.4,0.01,0.59;5,13448494,0.4,0.01,0.59;6,1278365,0.07,0.01,0.92;7,1098352,0.22,0.01,0.77;8,4067175,0.4,0.01,0.59;9,4648055,0.4,0.01,0.59;10,41786,0.4,0.01,0.59;11,35944,0.4,0.01,0.59
60;0,519716,0.39,0.01,0.6;1,142907,0.39,0.01,0.6;2,923598,0.39,0.01,0.6;3,747101,0.39,0.01,0.6;4,8164361,0.39,0.01,0.6;5,13448494,0.39,0.01,0.6;6,1278365,0.06,0.01,0.93;7,1098352,0.21,0.01,0.78;8,4067175,0.39,0.01,0.6;9,4648055,0.39,0.01,0.6;10,41786,0.39,0.01,0.6;11,35944,0.39,0.01,0.6
61;0,519716,0.38,0.01,0.61;1,142907,0.38,0.01,0.61;2,923598,0.38,0.01,0.61;3,747101,0.38,0.01,0.61;4,8164361,0.38,0.01,0.61;5,13448494,0.38,0.01,0.61;6,1278365,0.05,0.01,0.94;7,1098352,0.2,0.01,0.79;8,4067175,0.38,0.01,0.61;9,4648055,0.38,0.01,0.61;10,41786,0.38,0.01,0.61;11,35944,0.38,0.01,0.61
62;0,519716,0.37,0.01,0.62;1,142907,0.37,0.01,0.62;2,923598,0.37,0.01,0.62;3,747101,0.37,0.01,0.62;4,8164361,0.37,0.01,0.62;5,13448494,0.37,0.01,0.62;6,1278365,0.04,0.01,0.95;7,1098352,0.19,0.01,0.8;8,4067175,0.37,0.01,0.62;9,4648055,0.37,0.01,0.62;10,41786,0.37,0.01,0.62;11,35944,0.37,0.01,0.62
63;0,519716,0.36,0.01,0.63;1,142907,0.36,0.01,0.63;2,923598,0.36,0.01,0.63;3,747101,0.36,0.01,0.63;4,8164361,0.36,0.01,0.63;5,13448494,0.36,0.01,0.63;6,1278365,0.04,0,0.96;7,1098352,0.18,0.01,0.81;8,4067175,0.36,0.01,0.63;9,4648055,0.36,0.01,0.63;10,41786,0.36,0.01,0.63;11,35944,0.36,0.01,0.63
64;0,519716,0.35,0.01,0.64;1,142907,0.35,0.01,0.64;2,923598,0.35,0.01,0.64;3,747101,0.35,0.01,0.64;4,8164361,0.35,0.01,0.64;5,13448494,0.35,0.01,0.64;6,1098352,0.17,0.01,0.82;7,4067175,0.35,0.01,0.64;8,4648055,0.35,0.01,0.64;9,41786,0.35,0.01,0.64;10,35944,0.35,0.01,0.64
65;0,519716,0.34,0.01,0.65;1,142907,0.34,0.01,0.65;2,923598,0.34,0.01,0.65;3,747101,0.34,0.01,0.65;4,8164361,0.34,0.01,0.65;5,13448494,0.34,0.01,0.65;6,1098352,0.16,0.01,0.83;7,4067175,0.34,0.01,0.65;8,4648055,0.34,0.01,0.65;9,41786,0.34,0.01,0.65;10,35944,0.34,0.01,0.65
66;0,519716,0.33,0.01,0.66;1,142907,0.33,0.01,0.66;2,923598,0.33,0.01,0.66;3,747101,0.33,0.01,0.66;4,8164361,0.33,0.01,0.66;5,13448494,0.33,0.01,0.66;6,1098352,0.15,0.01,0.84;7,4067175,0.33,0.01,0.66;8,4648055,0.33,0.01,0.66;9,41786,0.33,0.01,0.66;10,35944,0.33,0.01,0.66
67;0,519716,0.32,0.01,0.67;1,142907,0.32,0.01,0.67;2,923598,0.32,0.01,0.67;3,747101,0.32,0.01,0.67;4,8164361,0.32,0.01,0.67;5,13448494,0.32,0.01,0.67;6,1098352,0.14,0.01,0.85;7,4067175,0.32,0.01,0.67;8,4648055,0.32,0.01,0.67;9,41786,0.32,0.01,0.67;10,35944,0.32,0.01,0.67
68;0,519716,0.31,0.01,0.68;1,142907,0.31,0.01,0.68;2,923598,0.31,0.01,0.68;3,747101,0.31,0.01,0.68;4,8164361,0.31,0.01,0.68;5,13448494,0.31,0.01,0.68;6,1098352,0.13,0.01,0.86;7,4067175,0.31,0.01,0.68;8,4648055,0.31,0.01,0.68;9,41786,0.31,0.01,0.68;10,35944,0.31,0.01,0.68
69;0,519716,0.3,0.01,0.69;1,142907,0.3,0.01,0.69;2,923598,0.3,0.01,0.69;3,747101,0.3,0.01,0.69;4,8164361,0.3,0.01,0.69;5,13448494,0.3,0.01,0.69;6,1098352,0.12,0.01,0.87;7,4067175,0.3,0.01,0.69;8,4648055,0.3,0.01,0.69;9,41786,0.3,0.01,0.69;10,35944,0.3,0.01,0.69
70;0,519716,0.29,0.01,0.7;1,142907,0.29,0.01,0.7;2,923598,0.29,0.01,0.7;3,747101,0.29,0.01,0.7;4,8164361,0.29,0.01,0.7;5,13448494,0.29,0.01,0.7;6,1098352,0.11,0.01,0.88;7,4067175,0.29,0.01,0.7;8,4648055,0.29,0.01,0.7;9,41786,0.29,0.01,0.7;10,35944,0.29,0.01,0.7
71;0,519716,0.28,0.01,0.71;1,142907,0.28,0.01,0.71;2,923598,0.28,0.01,0.71;3,747101,0.28,0.01,0.71;4,8164361,0.28,0.01,0.71;5,13448494,0.28,0.01,0.71;6,1098352,0.1,0.01,0.89;7,4067175,0.28,0.01,0.71;8,4648055,0.28,0.01,0.71;9,41786,0.28,0.01,0.71;10,35944,0.28,0.01,0.71
72;0,519716,0.27,0.01,0.72;1,142907,0.27,0.01,0.72;2,923598,0.27,0.01,0.72;3,747101,0.27,0.01,0.72;4,8164361,0.27,0.01,0.72;5,13448494,0.27,0.01,0.72;6,1098352,0.1,0,0.9;7,4067175,0.27,0.01,0.72;8,4648055,0.27,0.01,0.72;9,41786,0.27,0.01,0.72;10,35944,0.27,0.01,0.72
73;0,519716,0.26,0.01,0.73;1,142907,0.26,0.01,0.73;2,923598,0.26,0.01,0.73;3,747101,0.26,0.01,0.73;4,8164361,0.26,0.01,0.73;5,13448494,0.26,0.01,0.73;6,4067175,0.26,0.01,0.73;7,4648055,0.26,0.01,0.73;8,41786,0.26,0.01,0.73;9,35944,0.26,0.01,0.73
74;0,519716,0.25,0.01,0.74;1,142907,0.25,0.01,0.74;2,923598,0.25,0.01,0.74;3,747101,0.25,0.01,0.74;4,8164361,0.25,0.01,0.74;5,13448494,0.25,0.01,0.74;6,4067175,0.25,0.01,0.74;7,4648055,0.25,0.01,0.74;8,41786,0.25,0.01,0.74;9,35944,0.25,0.01,0.74
75;0,519716,0.24,0.01,0.75;1,142907,0.24,0.01,0.75;2,923598,0.24,0.01,0.75;3,747101,0.24,0.01,0.75;4,8164361,0.24,0.01,0.75;5,13448494,0.24,0.01,0.75;6,4067175,0.24,0.01,0.75;7,4648055,0.24,0.01,0.75;8,41786,0.24,0.01,0.75;9,35944,0.24,0.01,0.75
76;0,519716,0.23,0.01,0.76;1,142907,0.23,0.01,0.76;2,923598,0.23,0.01,0.76;3,747101,0.23,0.01,0.76;4,8164361,0.23,0.01,0.76;5,13448494,0.23,0.01,0.76;6,4067175,0.24,0,0.76;7,4648055,0.23,0.01,0.76;8,41786,0.24,0,0.76;9,35944,0.24,0,0.76
77;0,519716,0.22,0.01,0.77;1,142907,0.22,0.01,0.77;2,923598,0.22,0.01,0.77;3,747101,0.22,0.01,0.77;4,8164361,0.22,0.01,0.77;5,13448494,0.22,0.01,0.77;6,4648055,0.23,0,0.77
78;0,519716,0.21,0.01,0.78;1,142907,0.21,0.01,0.78;2,923598,0.21,0.01,0.78;3,747101,0.21,0.01,0.78;4,8164361,0.21,0.01,0.78;5,13448494,0.21,0.01,0.78
79;0,519716,0.2,0.01,0.79;1,142907,0.2,0.01,0.79;2,923598,0.21,0,0.79;3,747101,0.2,0.01,0.79;4,8164361,0.2,0.01,0.79;5,13448494,0.2,0.01,0.79
80;0,519716,0.2,0,0.8;1,142907,0.19,0.01,0.8;2,747101,0.2,0,0.8;3,8164361,0.19,0.01,0.8;4,13448494,0.2,0,0.8
81;0,142907,0.19,0,0.81;1,8164361,0.19,0,0.81
